# JRE version: OpenJDK Runtime Environment (8.0_76-b03) (build 1.8.0_76-release-b03)
# Java VM: OpenJDK 64-Bit Server VM (25.76-b03 mixed mode windows-amd64 compressed oops)
Heap:
 PSYoungGen      total 441344K, used 80373K [0x00000000e0000000, 0x0000000100000000, 0x0000000100000000)
  eden space 358400K, 22% used [0x00000000e0000000,0x00000000e4e7d5a8,0x00000000f5e00000)
  from space 82944K, 0% used [0x00000000f5e00000,0x00000000f5e00000,0x00000000faf00000)
  to   space 82432K, 0% used [0x00000000faf80000,0x00000000faf80000,0x0000000100000000)
 ParOldGen       total 264704K, used 59182K [0x00000000a0000000, 0x00000000b0280000, 0x00000000e0000000)
  object space 264704K, 22% used [0x00000000a0000000,0x00000000a39cbb88,0x00000000b0280000)
 Metaspace       used 73947K, capacity 77118K, committed 77184K, reserved 1116160K
  class space    used 9398K, capacity 10060K, committed 10112K, reserved 1048576K
GC Heap History (10 events):
Event: 1002.465 GC heap before
{Heap before GC invocations=40 (full 7):
 PSYoungGen      total 440320K, used 363285K [0x00000000e0000000, 0x0000000100000000, 0x0000000100000000)
  eden space 360960K, 99% used [0x00000000e0000000,0x00000000f5fbb928,0x00000000f6080000)
  from space 79360K, 3% used [0x00000000f6080000,0x00000000f6389c88,0x00000000fae00000)
  to   space 81920K, 0% used [0x00000000fb000000,0x00000000fb000000,0x0000000100000000)
 ParOldGen       total 157184K, used 156810K [0x00000000a0000000, 0x00000000a9980000, 0x00000000e0000000)
  object space 157184K, 99% used [0x00000000a0000000,0x00000000a9922898,0x00000000a9980000)
 Metaspace       used 73571K, capacity 76606K, committed 76928K, reserved 1116160K
  class space    used 9361K, capacity 10020K, committed 10112K, reserved 1048576K
Event: 1002.642 GC heap after
Heap after GC invocations=40 (full 7):
 PSYoungGen      total 440320K, used 0K [0x00000000e0000000, 0x0000000100000000, 0x0000000100000000)
  eden space 360960K, 0% used [0x00000000e0000000,0x00000000e0000000,0x00000000f6080000)
  from space 79360K, 0% used [0x00000000f6080000,0x00000000f6080000,0x00000000fae00000)
  to   space 81920K, 0% used [0x00000000fb000000,0x00000000fb000000,0x0000000100000000)
 ParOldGen       total 264704K, used 101853K [0x00000000a0000000, 0x00000000b0280000, 0x00000000e0000000)
  object space 264704K, 38% used [0x00000000a0000000,0x00000000a63776b8,0x00000000b0280000)
 Metaspace       used 73571K, capacity 76606K, committed 76928K, reserved 1116160K
  class space    used 9361K, capacity 10020K, committed 10112K, reserved 1048576K
}
Event: 1006.041 GC heap before
{Heap before GC invocations=41 (full 7):
 PSYoungGen      total 440320K, used 73185K [0x00000000e0000000, 0x0000000100000000, 0x0000000100000000)
  eden space 360960K, 20% used [0x00000000e0000000,0x00000000e4778400,0x00000000f6080000)
  from space 79360K, 0% used [0x00000000f6080000,0x00000000f6080000,0x00000000fae00000)
  to   space 81920K, 0% used [0x00000000fb000000,0x00000000fb000000,0x0000000100000000)
 ParOldGen       total 264704K, used 101853K [0x00000000a0000000, 0x00000000b0280000, 0x00000000e0000000)
  object space 264704K, 38% used [0x00000000a0000000,0x00000000a63776b8,0x00000000b0280000)
 Metaspace       used 73615K, capacity 76606K, committed 76928K, reserved 1116160K
  class space    used 9367K, capacity 10020K, committed 10112K, reserved 1048576K
Event: 1006.044 GC heap after
Heap after GC invocations=41 (full 7):
 PSYoungGen      total 440320K, used 312K [0x00000000e0000000, 0x0000000100000000, 0x0000000100000000)
  eden space 358400K, 0% used [0x00000000e0000000,0x00000000e0000000,0x00000000f5e00000)
  from space 81920K, 0% used [0x00000000fb000000,0x00000000fb04e010,0x0000000100000000)
  to   space 82944K, 0% used [0x00000000f5e00000,0x00000000f5e00000,0x00000000faf00000)
 ParOldGen       total 264704K, used 101861K [0x00000000a0000000, 0x00000000b0280000, 0x00000000e0000000)
  object space 264704K, 38% used [0x00000000a0000000,0x00000000a63796b8,0x00000000b0280000)
 Metaspace       used 73615K, capacity 76606K, committed 76928K, reserved 1116160K
  class space    used 9367K, capacity 10020K, committed 10112K, reserved 1048576K
}
Event: 1006.044 GC heap before
{Heap before GC invocations=42 (full 8):
 PSYoungGen      total 440320K, used 312K [0x00000000e0000000, 0x0000000100000000, 0x0000000100000000)
  eden space 358400K, 0% used [0x00000000e0000000,0x00000000e0000000,0x00000000f5e00000)
  from space 81920K, 0% used [0x00000000fb000000,0x00000000fb04e010,0x0000000100000000)
  to   space 82944K, 0% used [0x00000000f5e00000,0x00000000f5e00000,0x00000000faf00000)
 ParOldGen       total 264704K, used 101861K [0x00000000a0000000, 0x00000000b0280000, 0x00000000e0000000)
  object space 264704K, 38% used [0x00000000a0000000,0x00000000a63796b8,0x00000000b0280000)
 Metaspace       used 73615K, capacity 76606K, committed 76928K, reserved 1116160K
  class space    used 9367K, capacity 10020K, committed 10112K, reserved 1048576K
Event: 1006.283 GC heap after
Heap after GC invocations=42 (full 8):
 PSYoungGen      total 440320K, used 0K [0x00000000e0000000, 0x0000000100000000, 0x0000000100000000)
  eden space 358400K, 0% used [0x00000000e0000000,0x00000000e0000000,0x00000000f5e00000)
  from space 81920K, 0% used [0x00000000fb000000,0x00000000fb000000,0x0000000100000000)
  to   space 82944K, 0% used [0x00000000f5e00000,0x00000000f5e00000,0x00000000faf00000)
 ParOldGen       total 264704K, used 58102K [0x00000000a0000000, 0x00000000b0280000, 0x00000000e0000000)
  object space 264704K, 21% used [0x00000000a0000000,0x00000000a38bd8b0,0x00000000b0280000)
 Metaspace       used 73615K, capacity 76606K, committed 76928K, reserved 1116160K
  class space    used 9367K, capacity 10020K, committed 10112K, reserved 1048576K
}
Event: 1135.042 GC heap before
{Heap before GC invocations=43 (full 8):
 PSYoungGen      total 440320K, used 205738K [0x00000000e0000000, 0x0000000100000000, 0x0000000100000000)
  eden space 358400K, 57% used [0x00000000e0000000,0x00000000ec8eaa88,0x00000000f5e00000)
  from space 81920K, 0% used [0x00000000fb000000,0x00000000fb000000,0x0000000100000000)
  to   space 82944K, 0% used [0x00000000f5e00000,0x00000000f5e00000,0x00000000faf00000)
 ParOldGen       total 264704K, used 58102K [0x00000000a0000000, 0x00000000b0280000, 0x00000000e0000000)
  object space 264704K, 21% used [0x00000000a0000000,0x00000000a38bd8b0,0x00000000b0280000)
 Metaspace       used 73888K, capacity 77018K, committed 77184K, reserved 1116160K
  class space    used 9388K, capacity 10050K, committed 10112K, reserved 1048576K
Event: 1135.045 GC heap after
Heap after GC invocations=43 (full 8):
 PSYoungGen      total 441344K, used 1696K [0x00000000e0000000, 0x0000000100000000, 0x0000000100000000)
  eden space 358400K, 0% used [0x00000000e0000000,0x00000000e0000000,0x00000000f5e00000)
  from space 82944K, 2% used [0x00000000f5e00000,0x00000000f5fa8020,0x00000000faf00000)
  to   space 82432K, 0% used [0x00000000faf80000,0x00000000faf80000,0x0000000100000000)
 ParOldGen       total 264704K, used 58110K [0x00000000a0000000, 0x00000000b0280000, 0x00000000e0000000)
  object space 264704K, 21% used [0x00000000a0000000,0x00000000a38bf8b0,0x00000000b0280000)
 Metaspace       used 73888K, capacity 77018K, committed 77184K, reserved 1116160K
  class space    used 9388K, capacity 10050K, committed 10112K, reserved 1048576K
}
Event: 1135.045 GC heap before
{Heap before GC invocations=44 (full 9):
 PSYoungGen      total 441344K, used 1696K [0x00000000e0000000, 0x0000000100000000, 0x0000000100000000)
  eden space 358400K, 0% used [0x00000000e0000000,0x00000000e0000000,0x00000000f5e00000)
  from space 82944K, 2% used [0x00000000f5e00000,0x00000000f5fa8020,0x00000000faf00000)
  to   space 82432K, 0% used [0x00000000faf80000,0x00000000faf80000,0x0000000100000000)
 ParOldGen       total 264704K, used 58110K [0x00000000a0000000, 0x00000000b0280000, 0x00000000e0000000)
  object space 264704K, 21% used [0x00000000a0000000,0x00000000a38bf8b0,0x00000000b0280000)
 Metaspace       used 73888K, capacity 77018K, committed 77184K, reserved 1116160K
  class space    used 9388K, capacity 10050K, committed 10112K, reserved 1048576K
Event: 1135.333 GC heap after
Heap after GC invocations=44 (full 9):
 PSYoungGen      total 441344K, used 0K [0x00000000e0000000, 0x0000000100000000, 0x0000000100000000)
  eden space 358400K, 0% used [0x00000000e0000000,0x00000000e0000000,0x00000000f5e00000)
  from space 82944K, 0% used [0x00000000f5e00000,0x00000000f5e00000,0x00000000faf00000)
  to   space 82432K, 0% used [0x00000000faf80000,0x00000000faf80000,0x0000000100000000)
 ParOldGen       total 264704K, used 59182K [0x00000000a0000000, 0x00000000b0280000, 0x00000000e0000000)
  object space 264704K, 22% used [0x00000000a0000000,0x00000000a39cbb88,0x00000000b0280000)
 Metaspace       used 73888K, capacity 77018K, committed 77184K, reserved 1116160K
  class space    used 9388K, capacity 10050K, committed 10112K, reserved 1048576K
}

